+---------------------+-----------------+--------------+
| SUCCESSFUL ATTEMPTS | FAILED ATTEMPTS | FAILURE RATE |
+---------------------+-----------------+--------------+
|                  30 |               8 |     0.210526 |
+---------------------+-----------------+--------------+
Summary
+---------------------+------------------------+-----------------------------+----------------------------------------+----------+--------------+
|      TEST NAME      |                        |                             |                                        | FAILURES | FAILURE RATE |
+---------------------+------------------------+-----------------------------+----------------------------------------+----------+--------------+
| TestAntreaPolicy    |                        |                             |                                        |        1 |     0.026316 |
+                     +------------------------+-----------------------------+----------------------------------------+----------+--------------+
|                     | TestGroupNoK8sNP       |                             |                                        |        1 |     0.026316 |
+                     +                        +-----------------------------+----------------------------------------+----------+--------------+
|                     |                        | Case=ACNPNamespaceIsolation |                                        |        1 |     0.026316 |
+---------------------+------------------------+-----------------------------+----------------------------------------+----------+--------------+
| TestBatchCreatePods |                        |                             |                                        |        1 |     0.026316 |
+---------------------+------------------------+-----------------------------+----------------------------------------+----------+--------------+
| TestTraceflow       |                        |                             |                                        |        4 |     0.105263 |
+                     +------------------------+-----------------------------+----------------------------------------+----------+--------------+
|                     | testTraceflowIntraNode |                             |                                        |        4 |     0.105263 |
+                     +                        +-----------------------------+----------------------------------------+----------+--------------+
|                     |                        | traceflowGroupTest          |                                        |        4 |     0.105263 |
+                     +                        +                             +----------------------------------------+----------+--------------+
|                     |                        |                             | intraNodeICMPSrcIPDroppedTraceflowIPv4 |        4 |     0.105263 |
+---------------------+------------------------+-----------------------------+----------------------------------------+----------+--------------+
All failures
+------------------------------------------------------------------------------------------------+----------+--------------+
|                                           TEST NAME                                            | FAILURES | FAILURE RATE |
+------------------------------------------------------------------------------------------------+----------+--------------+
| TestTraceflow                                                                                  |        4 |     0.105263 |
| TestTraceflow/testTraceflowIntraNode                                                           |        4 |     0.105263 |
| TestTraceflow/testTraceflowIntraNode/traceflowGroupTest                                        |        4 |     0.105263 |
| TestTraceflow/testTraceflowIntraNode/traceflowGroupTest/intraNodeICMPSrcIPDroppedTraceflowIPv4 |        4 |     0.105263 |
| TestAntreaPolicy                                                                               |        1 |     0.026316 |
| TestAntreaPolicy/TestGroupNoK8sNP                                                              |        1 |     0.026316 |
| TestAntreaPolicy/TestGroupNoK8sNP/Case=ACNPNamespaceIsolation                                  |        1 |     0.026316 |
| TestBatchCreatePods                                                                            |        1 |     0.026316 |
+------------------------------------------------------------------------------------------------+----------+--------------+
Top 10 failures
