+---------------------+-----------------+--------------+
| SUCCESSFUL ATTEMPTS | FAILED ATTEMPTS | FAILURE RATE |
+---------------------+-----------------+--------------+
|                  34 |              12 |     0.260870 |
+---------------------+-----------------+--------------+
Summary
+---------------------+------------------------+--------------------------------------+----------------------------------------+----------+--------------+
|      TEST NAME      |                        |                                      |                                        | FAILURES | FAILURE RATE |
+---------------------+------------------------+--------------------------------------+----------------------------------------+----------+--------------+
| TestAntreaPolicy    |                        |                                      |                                        |        2 |     0.043478 |
+                     +------------------------+--------------------------------------+----------------------------------------+----------+--------------+
|                     | TestGroupNoK8sNP       |                                      |                                        |        2 |     0.043478 |
+                     +                        +--------------------------------------+----------------------------------------+----------+--------------+
|                     |                        | Case=ACNPClusterGroupUpdateAppliedTo |                                        |        1 |     0.021739 |
+                     +                        +--------------------------------------+----------------------------------------+----------+--------------+
|                     |                        | Case=ACNPNamespaceIsolation          |                                        |        1 |     0.021739 |
+---------------------+------------------------+--------------------------------------+----------------------------------------+----------+--------------+
| TestBatchCreatePods |                        |                                      |                                        |        1 |     0.021739 |
+---------------------+------------------------+--------------------------------------+----------------------------------------+----------+--------------+
| TestTraceflow       |                        |                                      |                                        |        4 |     0.086957 |
+                     +------------------------+--------------------------------------+----------------------------------------+----------+--------------+
|                     | testTraceflowIntraNode |                                      |                                        |        4 |     0.086957 |
+                     +                        +--------------------------------------+----------------------------------------+----------+--------------+
|                     |                        | traceflowGroupTest                   |                                        |        4 |     0.086957 |
+                     +                        +                                      +----------------------------------------+----------+--------------+
|                     |                        |                                      | intraNodeICMPSrcIPDroppedTraceflowIPv4 |        4 |     0.086957 |
+---------------------+------------------------+--------------------------------------+----------------------------------------+----------+--------------+
All failures
+------------------------------------------------------------------------------------------------+----------+--------------+
|                                           TEST NAME                                            | FAILURES | FAILURE RATE |
+------------------------------------------------------------------------------------------------+----------+--------------+
| TestTraceflow                                                                                  |        4 |     0.086957 |
| TestTraceflow/testTraceflowIntraNode                                                           |        4 |     0.086957 |
| TestTraceflow/testTraceflowIntraNode/traceflowGroupTest                                        |        4 |     0.086957 |
| TestTraceflow/testTraceflowIntraNode/traceflowGroupTest/intraNodeICMPSrcIPDroppedTraceflowIPv4 |        4 |     0.086957 |
| TestAntreaPolicy                                                                               |        2 |     0.043478 |
| TestAntreaPolicy/TestGroupNoK8sNP                                                              |        2 |     0.043478 |
| TestAntreaPolicy/TestGroupNoK8sNP/Case=ACNPClusterGroupUpdateAppliedTo                         |        1 |     0.021739 |
| TestAntreaPolicy/TestGroupNoK8sNP/Case=ACNPNamespaceIsolation                                  |        1 |     0.021739 |
| TestBatchCreatePods                                                                            |        1 |     0.021739 |
+------------------------------------------------------------------------------------------------+----------+--------------+
Top 10 failures
